memory profiling: sample.interval=20000
:2029734:102642194:128773064:0:"hook" "Rprof" 
:2049158:102650731:133460320:1751:"my.sum" "sampvar" 
:2049158:102650731:133460320:0:"my.sum" "sampvar" 
:2049158:102650731:133460320:0:"my.sum" "sampvar" 
:2049158:102650731:133460320:0:"my.sum" "sampvar" 
:2049158:102650731:133460320:0:"my.sum" "sampvar" 
:2049158:102650731:133460320:0:"my.sum" "sampvar" 
:2049158:102650731:133460320:0:"my.sum" "sampvar" 
:2049158:102650731:133460320:0:"my.sum" "sampvar" 
:2049158:102650731:133460320:0:"my.sum" "sampvar" 
:2049158:102650731:133460320:0:"my.sum" "sampvar" 
:2049158:102650731:133460320:0:"my.sum" "sampvar" 
:2049158:102650731:133460320:0:"my.sum" "sampvar" 
:2049158:102650731:133460320:0:"my.sum" "sampvar" 
:2049158:102650731:133460320:0:"my.sum" "sampvar" 
:2049158:102650731:133460320:0:"my.sum" "sampvar" 
:2049158:102650731:133460320:0:"my.sum" "sampvar" 
:2049158:102650731:133460320:0:"my.sum" "sampvar" 
:2049158:102650731:133460320:0:"my.sum" "sampvar" 
:2049158:102650731:133460320:0:"my.sum" "sampvar" 
:2049158:102650731:133460320:0:"my.sum" "sampvar" 
:2049158:102650731:133460320:0:"my.sum" "sampvar" 
:2049158:102650731:133460320:0:"my.sum" "sampvar" 
:2049158:102650731:133460320:0:"my.sum" "sampvar" 
:2049158:102650731:133460320:0:"my.sum" "sampvar" 
:2049158:102650731:133460320:0:"my.sum" "sampvar" 
:2049158:102650731:133460320:0:"my.sum" "sampvar" 
:2049158:102650731:133460320:0:"my.sum" "sampvar" 
:2049158:102650731:133460320:0:"my.sum" "sampvar" 
:2049158:102650731:133460320:0:"my.sum" "sampvar" 
:2049158:102650731:133460320:0:"my.sum" "sampvar" 
:2049158:102650731:133460320:0:"my.sum" "sampvar" 
:2049158:102650731:133460320:0:"my.sum" "sampvar" 
:2049158:102650731:133460320:0:"my.sum" "sampvar" 
:2049158:102650731:133460320:0:"my.sum" "sampvar" 
:2049158:102650731:133460320:0:"my.sum" "sampvar" 
:2049158:102650731:133460320:0:"my.sum" "sampvar" 
:2049158:102650731:133460320:0:"my.sum" "sampvar" 
:2049158:102650731:133460320:0:"my.sum" "sampvar" 
:2049158:102650731:133460320:0:"my.sum" "sampvar" 
:2049158:102650731:133460320:0:"my.sum" "sampvar" 
:2049158:102650731:133460320:0:"my.sum" "sampvar" 
:2049158:102650731:133460320:0:"my.sum" "sampvar" 
:2049158:102650731:133460320:0:"my.sum" "sampvar" 
:2049158:102650731:133460320:0:"my.sum" "sampvar" 
:2049158:102650731:133460320:0:"my.sum" "sampvar" 
:2049158:102650731:133460320:0:"my.sum" "sampvar" 
:2049158:102650731:133460320:0:"my.sum" "sampvar" 
:2049158:102650731:133460320:0:"my.sum" "sampvar" 
:2049158:102650731:133460320:0:"my.sum" "sampvar" 
:2049158:102650731:133460320:0:"my.sum" "sampvar" 
:2049158:102650731:133460320:0:"my.sum" "sampvar" 
:2049158:102650731:133460320:0:"my.sum" "sampvar" 
:2049158:102650731:133460320:0:"my.sum" "sampvar" 
:2049158:102650731:133460320:0:"my.sum" "sampvar" 
:2049158:102650731:133460320:0:"my.sum" "sampvar" 
:2049158:102650731:133460320:0:"my.sum" "sampvar" 
:2049158:102650731:133460320:0:"my.sum" "sampvar" 
:2049158:102650731:133460320:0:"my.sum" "sampvar" 
:2049158:102650731:133460320:0:"my.sum" "sampvar" 
:2049158:102650731:133460320:0:"my.sum" "sampvar" 
:2049158:102650731:133460320:0:"my.sum" "sampvar" 
:2049158:102650731:133460320:0:"my.sum" "sampvar" 
:2049158:102650731:133460320:0:"my.sum" "sampvar" 
:2049158:102650731:133460320:0:"my.sum" "sampvar" 
:2049158:102650731:133460320:0:"my.sum" "sampvar" 
:2049158:102650731:133460320:0:"my.sum" "sampvar" 
:2049158:102650731:133460320:0:"my.sum" "sampvar" 
:2049158:102650731:133460320:0:"my.sum" "sampvar" 
:2049158:102650731:133460320:0:"my.sum" "sampvar" 
:2049158:102650731:133460320:0:"my.sum" "sampvar" 
:2049158:102650731:133460320:0:"my.sum" "sampvar" 
:2049158:102650731:133460320:0:"my.sum" "sampvar" 
:2049158:102650731:133460320:0:"my.sum" "sampvar" 
:2049158:102650731:133460320:0:"my.sum" "sampvar" 
:2049158:102650731:133460320:0:"my.sum" "sampvar" 
:2049158:102650731:133460320:0:"my.sum" "sampvar" 
:2049158:102650731:133460320:0:"my.sum" "sampvar" 
:2049158:102650731:133460320:0:"my.sum" "sampvar" 
:2049158:102650731:133460320:0:"my.sum" "sampvar" 
:2049158:102650731:133460320:0:"my.sum" "sampvar" 
:2049158:102650731:133460320:0:"my.sum" "sampvar" 
:2049158:102650731:133460320:0:"my.sum" "sampvar" 
:2049158:102650731:133460320:0:"my.sum" "sampvar" 
:2049158:102650731:133460320:0:"my.sum" "sampvar" 
:2049158:102650731:133460320:0:"my.sum" "sampvar" 
:2049158:102650731:133460320:0:"my.sum" "sampvar" 
:2049158:102650731:133460320:0:"my.sum" "sampvar" 
:2049158:102650731:133460320:0:"my.sum" "sampvar" 
:2049158:102650731:133460320:0:"my.sum" "sampvar" 
:2049158:102650731:133460320:0:"my.sum" "sampvar" 
:2049158:102650731:133460320:0:"my.sum" "sampvar" 
:2049158:102650731:133460320:0:"my.sum" "sampvar" 
:2049158:102650731:133460320:0:"my.sum" "sampvar" 
:2049158:102650731:133460320:0:"my.sum" "sampvar" 
:2049158:102650731:133460320:0:"my.sum" "sampvar" 
:2049158:102650731:133460320:0:"my.sum" "sampvar" 
:2049158:102650731:133460320:0:"my.sum" "sampvar" 
:2049158:102650731:133460320:0:"my.sum" "sampvar" 
:2049158:102650731:133460320:0:"my.sum" "sampvar" 
:2049158:102650731:133460320:0:"my.sum" "sampvar" 
:2049158:102650731:133460320:0:"my.sum" "sampvar" 
:2049158:102650731:133460320:0:"my.sum" "sampvar" 
:2049158:102650731:133460320:0:"my.sum" "sampvar" 
:2049158:102650731:133460320:0:"my.sum" "sampvar" 
:2049158:102650731:133460320:0:"my.sum" "sampvar" 
:2049158:102650731:133460320:0:"my.sum" "sampvar" 
:2049158:102650731:133460320:0:"my.sum" "sampvar" 
:2049158:102650731:133460320:0:"my.sum" "sampvar" 
:2049158:102650731:133460320:0:"my.sum" "sampvar" 
:2049158:102650731:133460320:0:"my.sum" "sampvar" 
:2049158:102650731:133460320:0:"my.sum" "sampvar" 
:2049158:102650731:133460320:0:"my.sum" "sampvar" 
:2049158:102650731:133460320:0:"my.sum" "sampvar" 
:2049158:102650731:133460320:0:"my.sum" "sampvar" 
:2049158:102650731:133460320:0:"my.sum" "sampvar" 
:2049158:102650731:133460320:0:"my.sum" "sampvar" 
:2049158:102650731:133460320:0:"my.sum" "sampvar" 
:2049158:102650731:133460320:0:"my.sum" "sampvar" 
:2049158:102650731:133460320:0:"my.sum" "sampvar" 
:2049158:102650731:133460320:0:"my.sum" "sampvar" 
:2049158:102650731:133460320:0:"my.sum" "sampvar" 
:2049158:102650731:133460320:0:"my.sum" "sampvar" 
:2049158:102650731:133460320:0:"my.sum" "sampvar" 
:2049158:102650731:133460320:0:"my.sum" "sampvar" 
:2049158:102650731:133460320:0:"my.sum" "sampvar" 
:2049158:102650731:133460320:0:"my.sum" "sampvar" 
:2049158:102650731:133460320:0:"my.sum" "sampvar" 
:2049158:102650731:133460320:0:"my.sum" "sampvar" 
:2049168:102650731:133461328:0:"sq.var" "sampvar" 
:2049168:102650731:133461328:0:"sq.var" "sampvar" 
:2049168:102650731:133461328:0:"sq.var" "sampvar" 
:2049168:102650731:133461328:0:"sq.var" "sampvar" 
:2049168:102650731:133461328:0:"sq.var" "sampvar" 
:2049168:102650731:133461328:0:"sq.var" "sampvar" 
:2049168:102650731:133461328:0:"sq.var" "sampvar" 
:2049168:102650731:133461328:0:"sq.var" "sampvar" 
:2049168:102650731:133461328:0:"sq.var" "sampvar" 
:2049168:102650731:133461328:0:"sq.var" "sampvar" 
:2049168:102650731:133461328:0:"sq.var" "sampvar" 
:2049168:102650731:133461328:0:"sq.var" "sampvar" 
:2049168:102650731:133461328:0:"sq.var" "sampvar" 
:2049168:102650731:133461328:0:"sq.var" "sampvar" 
:2049168:102650731:133461328:0:"sq.var" "sampvar" 
:2049168:102650731:133461328:0:"sq.var" "sampvar" 
:2049168:102650731:133461328:0:"sq.var" "sampvar" 
:2049168:102650731:133461328:0:"sq.var" "sampvar" 
:2049168:102650731:133461328:0:"sq.var" "sampvar" 
:2049168:102650731:133461328:0:"sq.var" "sampvar" 
:2049168:102650731:133461328:0:"sq.var" "sampvar" 
:2049168:102650731:133461328:0:"sq.var" "sampvar" 
:2049168:102650731:133461328:0:"sq.var" "sampvar" 
:2049168:102650731:133461328:0:"sq.var" "sampvar" 
:2049168:102650731:133461328:0:"sq.var" "sampvar" 
:2049168:102650731:133461328:0:"sq.var" "sampvar" 
:2049168:102650731:133461328:0:"sq.var" "sampvar" 
:2049168:102650731:133461328:0:"sq.var" "sampvar" 
:2049168:102650731:133461328:0:"sq.var" "sampvar" 
:2049168:102650731:133461328:0:"sq.var" "sampvar" 
:2049168:102650731:133461328:0:"sq.var" "sampvar" 
:2049168:102650731:133461328:0:"sq.var" "sampvar" 
:2049168:102650731:133461328:0:"sq.var" "sampvar" 
:2049168:102650731:133461328:0:"sq.var" "sampvar" 
:2049168:102650731:133461328:0:"sq.var" "sampvar" 
:2049168:102650731:133461328:0:"sq.var" "sampvar" 
:2049168:102650731:133461328:0:"sq.var" "sampvar" 
:2049168:102650731:133461328:0:"sq.var" "sampvar" 
:2049168:102650731:133461328:0:"sq.var" "sampvar" 
:2049168:102650731:133461328:0:"sq.var" "sampvar" 
:2049168:102650731:133461328:0:"sq.var" "sampvar" 
:2049168:102650731:133461328:0:"sq.var" "sampvar" 
:2049168:102650731:133461328:0:"sq.var" "sampvar" 
:2049168:102650731:133461328:0:"sq.var" "sampvar" 
:2049168:102650731:133461328:0:"sq.var" "sampvar" 
:2049168:102650731:133461328:0:"sq.var" "sampvar" 
:2049168:102650731:133461328:0:"sq.var" "sampvar" 
:2049168:102650731:133461328:0:"sq.var" "sampvar" 
:2049168:102650731:133461328:0:"sq.var" "sampvar" 
:2049168:102650731:133461328:0:"sq.var" "sampvar" 
:2049168:102650731:133461328:0:"sq.var" "sampvar" 
:2049168:102650731:133461328:0:"sq.var" "sampvar" 
:2049168:102650731:133461328:0:"sq.var" "sampvar" 
:2049168:102650731:133461328:0:"sq.var" "sampvar" 
:2049168:102650731:133461328:0:"sq.var" "sampvar" 
:2049168:102650731:133461328:0:"sq.var" "sampvar" 
:2049168:102650731:133461328:0:"sq.var" "sampvar" 
:2049168:102650731:133461328:0:"sq.var" "sampvar" 
:2049168:102650731:133461328:0:"sq.var" "sampvar" 
:2049168:102650731:133461328:0:"sq.var" "sampvar" 
:2049168:102650731:133461328:0:"sq.var" "sampvar" 
:2049168:102650731:133461328:0:"sq.var" "sampvar" 
:2049168:102650731:133461328:0:"sq.var" "sampvar" 
:2049168:102650731:133461328:0:"sq.var" "sampvar" 
:2049168:102650731:133461328:0:"sq.var" "sampvar" 
:2049168:102650731:133461328:0:"sq.var" "sampvar" 
:2049168:102650731:133461328:0:"sq.var" "sampvar" 
:2049168:102650731:133461328:0:"sq.var" "sampvar" 
:2049168:102650731:133461328:0:"sq.var" "sampvar" 
:2049168:102650731:133461328:0:"sq.var" "sampvar" 
:2049168:102650731:133461328:0:"sq.var" "sampvar" 
:2049168:102650731:133461328:0:"sq.var" "sampvar" 
:2049168:102650731:133461328:0:"sq.var" "sampvar" 
:2049168:102650731:133461328:0:"sq.var" "sampvar" 
:2049168:102650731:133461328:0:"sq.var" "sampvar" 
:2049168:102650731:133461328:0:"sq.var" "sampvar" 
:2049168:102650731:133461328:0:"sq.var" "sampvar" 
:2049168:102650731:133461328:0:"sq.var" "sampvar" 
:2049168:102650731:133461328:0:"sq.var" "sampvar" 
:2049168:102650731:133461328:0:"sq.var" "sampvar" 
:2049168:102650731:133461328:0:"sq.var" "sampvar" 
:2049168:102650731:133461328:0:"sq.var" "sampvar" 
:2049168:102650731:133461328:0:"sq.var" "sampvar" 
:2049168:102650731:133461328:0:"sq.var" "sampvar" 
:2049168:102650731:133461328:0:"sq.var" "sampvar" 
:2049168:102650731:133461328:0:"sq.var" "sampvar" 
:2049168:102650731:133461328:0:"sq.var" "sampvar" 
:2049168:102650731:133461328:0:"sq.var" "sampvar" 
:2049168:102650731:133461328:0:"sq.var" "sampvar" 
:2049168:102650731:133461328:0:"sq.var" "sampvar" 
:2049168:102650731:133461328:0:"sq.var" "sampvar" 
:2049168:102650731:133461328:0:"sq.var" "sampvar" 
:2049168:102650731:133461328:0:"sq.var" "sampvar" 
:2049168:102650731:133461328:0:"sq.var" "sampvar" 
:2049168:102650731:133461328:0:"sq.var" "sampvar" 
:2049168:102650731:133461328:0:"sq.var" "sampvar" 
:2049168:102650731:133461328:0:"sq.var" "sampvar" 
:2049168:102650731:133461328:0:"sq.var" "sampvar" 
:2049168:102650731:133461328:0:"sq.var" "sampvar" 
:2049168:102650731:133461328:0:"sq.var" "sampvar" 
:2049168:102650731:133461328:0:"sq.var" "sampvar" 
:2049168:102650731:133461328:0:"sq.var" "sampvar" 
:2049168:102650731:133461328:0:"sq.var" "sampvar" 
:2049168:102650731:133461328:0:"sq.var" "sampvar" 
:2049168:102650731:133461328:0:"sq.var" "sampvar" 
:2049168:102650731:133461328:0:"sq.var" "sampvar" 
:2049168:102650731:133461328:0:"sq.var" "sampvar" 
:2049168:102650731:133461328:0:"sq.var" "sampvar" 
:2049168:102650731:133461328:0:"sq.var" "sampvar" 
:2049168:102650731:133461328:0:"sq.var" "sampvar" 
:2049168:102650731:133461328:0:"sq.var" "sampvar" 
:2049168:102650731:133461328:0:"sq.var" "sampvar" 
:2049168:102650731:133461328:0:"sq.var" "sampvar" 
:2049168:102650731:133461328:0:"sq.var" "sampvar" 
:2049168:102650731:133461328:0:"sq.var" "sampvar" 
:2049168:102650731:133461328:0:"sq.var" "sampvar" 
:2049168:102650731:133461328:0:"sq.var" "sampvar" 
:2049168:102650731:133461328:0:"sq.var" "sampvar" 
:2049168:102650731:133461328:0:"sq.var" "sampvar" 
:2049168:102650731:133461328:0:"sq.var" "sampvar" 
:2049168:102650731:133461328:0:"sq.var" "sampvar" 
:2049168:102650731:133461328:0:"sq.var" "sampvar" 
:2049168:102650731:133461328:0:"sq.var" "sampvar" 
:2049168:102650731:133461328:0:"sq.var" "sampvar" 
:2049168:102650731:133461328:0:"sq.var" "sampvar" 
:2049168:102650731:133461328:0:"sq.var" "sampvar" 
:2049168:102650731:133461328:0:"sq.var" "sampvar" 
:2049168:102650731:133461328:0:"sq.var" "sampvar" 
:2049168:102650731:133461328:0:"sq.var" "sampvar" 
:2051424:102658107:133576016:2:"grepl" ".rs.extractRCode" "sq.var" "sampvar" 
:2053662:102658885:133911400:167:"sq.var" "sampvar" 
:2053662:102658885:133911400:0:"sq.var" "sampvar" 
:2053662:102658885:133911400:0:"sq.var" "sampvar" 
:2053662:102658885:133911400:0:"sq.var" "sampvar" 
:2053662:102658885:133911400:0:"sq.var" "sampvar" 
:2053662:102658885:133911400:0:"sq.var" "sampvar" 
:2053662:102658885:133911400:0:"sq.var" "sampvar" 
:2053662:102658885:133911400:0:"sq.var" "sampvar" 
:2053662:102658885:133911400:0:"sq.var" "sampvar" 
:2053662:102658885:133911400:0:"sq.var" "sampvar" 
:2053662:102658885:133911400:0:"sq.var" "sampvar" 
:2053662:102658885:133911400:0:"sq.var" "sampvar" 
:2053662:102658885:133911400:0:"sq.var" "sampvar" 
:2053662:102658885:133911400:0:"sq.var" "sampvar" 
:2053662:102658885:133911400:0:"sq.var" "sampvar" 
:2053662:102658885:133911400:0:"sq.var" "sampvar" 
:2053662:102658885:133911400:0:"sq.var" "sampvar" 
:2053662:102658885:133911400:0:"sq.var" "sampvar" 
:2053662:102658885:133911400:0:"sq.var" "sampvar" 
:2053662:102658885:133911400:0:"sq.var" "sampvar" 
:2053662:102658885:133911400:0:"sq.var" "sampvar" 
:2053662:102658885:133911400:0:"sq.var" "sampvar" 
:2053662:102658885:133911400:0:"sq.var" "sampvar" 
:2053662:102658885:133911400:0:"sq.var" "sampvar" 
:2053662:102658885:133911400:0:"sq.var" "sampvar" 
:2053662:102658885:133911400:0:"sq.var" "sampvar" 
:2053662:102658885:133911400:0:"sq.var" "sampvar" 
:2053662:102658885:133911400:0:"sq.var" "sampvar" 
:2053662:102658885:133911400:0:"sq.var" "sampvar" 
:2053662:102658885:133911400:0:"sq.var" "sampvar" 
:2053662:102658885:133911400:0:"sq.var" "sampvar" 
:2053662:102658885:133911400:0:"sq.var" "sampvar" 
:2053662:102658885:133911400:0:"sq.var" "sampvar" 
:2053662:102658885:133911400:0:"sq.var" "sampvar" 
:2053662:102658885:133911400:0:"sq.var" "sampvar" 
:2053662:102658885:133911400:0:"sq.var" "sampvar" 
:2053662:102658885:133911400:0:"sq.var" "sampvar" 
:2053662:102658885:133911400:0:"sq.var" "sampvar" 
:2053662:102658885:133911400:0:"sq.var" "sampvar" 
:2053662:102658885:133911400:0:"sq.var" "sampvar" 
:2053662:102658885:133911400:0:"sq.var" "sampvar" 
:2053662:102658885:133911400:0:"sq.var" "sampvar" 
:2053662:102658885:133911400:0:"sq.var" "sampvar" 
:2053662:102658885:133911400:0:"sq.var" "sampvar" 
:2053662:102658885:133911400:0:"sq.var" "sampvar" 
:2053662:102658885:133911400:0:"sq.var" "sampvar" 
:2053662:102658885:133911400:0:"sq.var" "sampvar" 
:2053662:102658885:133911400:0:"sq.var" "sampvar" 
:2053662:102658885:133911400:0:"sq.var" "sampvar" 
:2053662:102658885:133911400:0:"sq.var" "sampvar" 
:2053662:102658885:133911400:0:"sq.var" "sampvar" 
:2053662:102658885:133911400:0:"sq.var" "sampvar" 
:2053662:102658885:133911400:0:"sq.var" "sampvar" 
:2053662:102658885:133911400:0:"sq.var" "sampvar" 
:2053662:102658885:133911400:0:"sq.var" "sampvar" 
:2053662:102658885:133911400:0:"sq.var" "sampvar" 
:2053662:102658885:133911400:0:"sq.var" "sampvar" 
:2053662:102658885:133911400:0:"sq.var" "sampvar" 
:2053662:102658885:133911400:0:"sq.var" "sampvar" 
:2053662:102658885:133911400:0:"sq.var" "sampvar" 
:2053662:102658885:133911400:0:"sq.var" "sampvar" 
:2053662:102658885:133911400:0:"sq.var" "sampvar" 
:2053662:102658885:133911400:0:"sq.var" "sampvar" 
:2053662:102658885:133911400:0:"sq.var" "sampvar" 
:2053662:102658885:133911400:0:"sq.var" "sampvar" 
:2053662:102658885:133911400:0:"sq.var" "sampvar" 
:2053662:102658885:133911400:0:"sq.var" "sampvar" 
:2053662:102658885:133911400:0:"sq.var" "sampvar" 
:2053662:102658885:133911400:0:"sq.var" "sampvar" 
:2053662:102658885:133911400:0:"sq.var" "sampvar" 
:2053662:102658885:133911400:0:"sq.var" "sampvar" 
:2053662:102658885:133911400:0:"sq.var" "sampvar" 
:2053662:102658885:133911400:0:"sq.var" "sampvar" 
:2053662:102658885:133911400:0:"sq.var" "sampvar" 
:2053662:102658885:133911400:0:"sq.var" "sampvar" 
:2053662:102658885:133911400:0:"sq.var" "sampvar" 
:2053662:102658885:133911400:0:"sq.var" "sampvar" 
:2053662:102658885:133911400:0:"sq.var" "sampvar" 
:2054672:102659057:134127784:103:
